2023-05-20 22:27:17.230 INFO  [kea-dhcp4.dhcp4/30.140245523437440] DHCP4_STARTING Kea DHCPv4 server version 2.2.0-git (stable) starting
2023-05-20 22:27:17.243 INFO  [kea-dhcp6.dhcp6/40.140125964552064] DHCP6_STARTING Kea DHCPv6 server version 2.2.0-git (stable) starting
2023-05-20 22:27:17.284 INFO  [kea-ctrl-agent.dctl/59.140315235624832] DCTL_STARTING Control-agent starting, pid: 59, version: 2.2.0-git (stable)
2023-05-21 20:01:59.555 INFO  [kea-dhcp4.dhcp4/156.139677078308736] DHCP4_STARTING Kea DHCPv4 server version 2.2.0-git (stable) starting
2023-05-21 20:05:01.923 INFO  [kea-dhcp4.dhcp4/238.139892219357056] DHCP4_STARTING Kea DHCPv4 server version 2.2.0-git (stable) starting
2023-05-21 20:06:17.347 INFO  [kea-dhcp4.dhcp4/321.140339381184384] DHCP4_STARTING Kea DHCPv4 server version 2.2.0-git (stable) starting
2023-05-21 20:06:45.596 INFO  [kea-dhcp4.dhcp4/398.139942099310464] DHCP4_STARTING Kea DHCPv4 server version 2.2.0-git (stable) starting
2023-05-21 21:14:30.190 INFO  [kea-dhcp4.dhcp4/29.140138522285952] DHCP4_STARTING Kea DHCPv4 server version 2.2.0-git (stable) starting
2023-05-21 21:14:30.218 INFO  [kea-dhcp6.dhcp6/43.140187322627968] DHCP6_STARTING Kea DHCPv6 server version 2.2.0-git (stable) starting
2023-05-21 21:14:30.246 INFO  [kea-ctrl-agent.dctl/58.140374381688704] DCTL_STARTING Control-agent starting, pid: 58, version: 2.2.0-git (stable)
2023-05-21 21:19:21.812 INFO  [kea-dhcp4.dhcp4/29.140124622034816] DHCP4_STARTING Kea DHCPv4 server version 2.2.0-git (stable) starting
2023-05-21 21:19:21.837 INFO  [kea-dhcp6.dhcp6/41.140679131051904] DHCP6_STARTING Kea DHCPv6 server version 2.2.0-git (stable) starting
2023-05-21 21:19:21.853 INFO  [kea-ctrl-agent.dctl/54.139665808193408] DCTL_STARTING Control-agent starting, pid: 54, version: 2.2.0-git (stable)
2023-05-27 14:53:01.479 INFO  [kea-ctrl-agent.dctl/51.140689578383232] DCTL_STARTING Control-agent starting, pid: 51, version: 2.2.0-git (stable)
2023-05-27 14:53:01.489 INFO  [kea-dhcp6.dhcp6/40.140090349807488] DHCP6_STARTING Kea DHCPv6 server version 2.2.0-git (stable) starting
2023-05-27 14:53:01.489 INFO  [kea-dhcp4.dhcp4/30.140225938720640] DHCP4_STARTING Kea DHCPv4 server version 2.2.0-git (stable) starting
2023-05-27 14:55:27.247 INFO  [kea-dhcp4.dhcp4/29.139950777313152] DHCP4_STARTING Kea DHCPv4 server version 2.2.0-git (stable) starting
2023-05-27 14:55:27.265 INFO  [kea-dhcp6.dhcp6/43.140429789177728] DHCP6_STARTING Kea DHCPv6 server version 2.2.0-git (stable) starting
2023-05-27 14:55:27.292 INFO  [kea-ctrl-agent.dctl/58.139993531344768] DCTL_STARTING Control-agent starting, pid: 58, version: 2.2.0-git (stable)
2023-05-27 14:56:31.977 INFO  [kea-dhcp4.dhcp4/29.140575164970880] DHCP4_STARTING Kea DHCPv4 server version 2.2.0-git (stable) starting
2023-05-27 14:56:32.010 INFO  [kea-dhcp6.dhcp6/43.140438922094464] DHCP6_STARTING Kea DHCPv6 server version 2.2.0-git (stable) starting
2023-05-27 14:56:32.018 INFO  [kea-ctrl-agent.dctl/54.140379163756416] DCTL_STARTING Control-agent starting, pid: 54, version: 2.2.0-git (stable)
2023-05-27 15:10:56.888 INFO  [kea-dhcp4.dhcp4/29.140391528724352] DHCP4_STARTING Kea DHCPv4 server version 2.2.0-git (stable) starting
2023-05-27 15:10:56.937 INFO  [kea-dhcp6.dhcp6/43.140444420233088] DHCP6_STARTING Kea DHCPv6 server version 2.2.0-git (stable) starting
2023-05-27 15:10:56.953 INFO  [kea-ctrl-agent.dctl/58.140255063205760] DCTL_STARTING Control-agent starting, pid: 58, version: 2.2.0-git (stable)
2023-05-27 15:14:48.784 INFO  [kea-dhcp4.dhcp4/29.140454557140864] DHCP4_STARTING Kea DHCPv4 server version 2.2.0-git (stable) starting
2023-05-27 15:14:48.815 INFO  [kea-dhcp6.dhcp6/43.140673922066304] DHCP6_STARTING Kea DHCPv6 server version 2.2.0-git (stable) starting
2023-05-27 15:14:48.853 INFO  [kea-ctrl-agent.dctl/58.140498989860736] DCTL_STARTING Control-agent starting, pid: 58, version: 2.2.0-git (stable)
2023-05-27 15:15:43.827 INFO  [kea-dhcp4.dhcp4/29.140428136433536] DHCP4_STARTING Kea DHCPv4 server version 2.2.0-git (stable) starting
2023-05-27 15:15:43.846 INFO  [kea-dhcp6.dhcp6/39.140225990190976] DHCP6_STARTING Kea DHCPv6 server version 2.2.0-git (stable) starting
2023-05-27 15:15:43.889 INFO  [kea-ctrl-agent.dctl/58.139742867462016] DCTL_STARTING Control-agent starting, pid: 58, version: 2.2.0-git (stable)
2023-05-27 15:18:01.171 INFO  [kea-dhcp4.dhcp4/29.140495988893568] DHCP4_STARTING Kea DHCPv4 server version 2.2.0-git (stable) starting
2023-05-27 15:18:01.174 INFO  [kea-dhcp6.dhcp6/39.139918851577728] DHCP6_STARTING Kea DHCPv6 server version 2.2.0-git (stable) starting
2023-05-27 15:18:01.220 INFO  [kea-ctrl-agent.dctl/58.139959918737280] DCTL_STARTING Control-agent starting, pid: 58, version: 2.2.0-git (stable)
2023-05-27 15:19:00.957 INFO  [kea-dhcp4.dhcp4/29.140372767864704] DHCP4_STARTING Kea DHCPv4 server version 2.2.0-git (stable) starting
2023-05-27 15:19:01.011 INFO  [kea-dhcp6.dhcp6/43.139885123344256] DHCP6_STARTING Kea DHCPv6 server version 2.2.0-git (stable) starting
2023-05-27 15:19:01.042 INFO  [kea-ctrl-agent.dctl/58.139772508452736] DCTL_STARTING Control-agent starting, pid: 58, version: 2.2.0-git (stable)
2023-05-27 15:22:43.504 INFO  [kea-dhcp4.dhcp4/29.139729828202368] DHCP4_STARTING Kea DHCPv4 server version 2.2.0-git (stable) starting
2023-05-27 15:22:43.506 FATAL [kea-dhcp4.dhcp4/29.139729828202368] DHCP4_ALREADY_RUNNING kea-dhcp4 already running? Daemon::createPIDFile: PID: 29 exists, PID file: /usr/local/kea/var/run/kea/kea-dhcp4.kea-dhcp4.pid
2023-05-27 15:22:43.544 INFO  [kea-ctrl-agent.dctl/54.140259311708032] DCTL_STARTING Control-agent starting, pid: 54, version: 2.2.0-git (stable)
2023-05-27 15:24:39.660 INFO  [kea-dhcp4.dhcp4/30.140704242362240] DHCP4_STARTING Kea DHCPv4 server version 2.2.0-git (stable) starting
2023-05-27 15:24:39.664 INFO  [kea-dhcp6.dhcp6/40.139658181334912] DHCP6_STARTING Kea DHCPv6 server version 2.2.0-git (stable) starting
2023-05-27 15:24:39.719 INFO  [kea-ctrl-agent.dctl/60.139716936759168] DCTL_STARTING Control-agent starting, pid: 60, version: 2.2.0-git (stable)
2023-05-27 15:53:28.817 INFO  [kea-dhcp6.dhcp6/39.140238873802624] DHCP6_STARTING Kea DHCPv6 server version 2.2.0-git (stable) starting
2023-05-27 15:53:28.826 INFO  [kea-dhcp4.dhcp4/29.140414032676736] DHCP4_STARTING Kea DHCPv4 server version 2.2.0-git (stable) starting
2023-05-27 15:53:28.867 FATAL [kea-ctrl-agent.dctl/59.140146317903744] DCTL_ALREADY_RUNNING kea-ctrl-agent already running? Daemon::createPIDFile: PID: 60 exists, PID file: /usr/local/kea/var/run/kea/kea-ctrl-agent.kea-ctrl-agent.pid
2023-05-27 16:00:07.644 INFO  [kea-dhcp4.dhcp4/29.140698810341248] DHCP4_STARTING Kea DHCPv4 server version 2.2.0-git (stable) starting
2023-05-27 16:00:07.670 INFO  [kea-dhcp6.dhcp6/43.140620901418880] DHCP6_STARTING Kea DHCPv6 server version 2.2.0-git (stable) starting
2023-05-27 16:00:07.703 FATAL [kea-ctrl-agent.dctl/59.140023307569024] DCTL_ALREADY_RUNNING kea-ctrl-agent already running? Daemon::createPIDFile: PID: 60 exists, PID file: /usr/local/kea/var/run/kea/kea-ctrl-agent.kea-ctrl-agent.pid
2023-05-27 16:08:29.708 INFO  [kea-dhcp4.dhcp4/29.140342010234752] DHCP4_STARTING Kea DHCPv4 server version 2.2.0-git (stable) starting
2023-05-27 16:08:29.722 INFO  [kea-dhcp6.dhcp6/39.139845299578752] DHCP6_STARTING Kea DHCPv6 server version 2.2.0-git (stable) starting
2023-05-27 16:08:29.789 FATAL [kea-ctrl-agent.dctl/59.139668943042432] DCTL_ALREADY_RUNNING kea-ctrl-agent already running? Daemon::createPIDFile: PID: 60 exists, PID file: /usr/local/kea/var/run/kea/kea-ctrl-agent.kea-ctrl-agent.pid
2023-05-27 16:15:08.436 INFO  [kea-dhcp4.dhcp4/30.139647102261120] DHCP4_STARTING Kea DHCPv4 server version 2.2.0-git (stable) starting
2023-05-27 16:15:08.460 INFO  [kea-dhcp6.dhcp6/40.140576061994880] DHCP6_STARTING Kea DHCPv6 server version 2.2.0-git (stable) starting
2023-05-27 16:15:08.494 FATAL [kea-ctrl-agent.dctl/60.140615546824576] DCTL_ALREADY_RUNNING kea-ctrl-agent already running? Daemon::createPIDFile: PID: 60 exists, PID file: /usr/local/kea/var/run/kea/kea-ctrl-agent.kea-ctrl-agent.pid
2023-05-27 16:16:26.713 INFO  [kea-dhcp4.dhcp4/29.140579541956480] DHCP4_STARTING Kea DHCPv4 server version 2.2.0-git (stable) starting
2023-05-27 16:16:26.746 INFO  [kea-dhcp6.dhcp6/39.140627070625664] DHCP6_STARTING Kea DHCPv6 server version 2.2.0-git (stable) starting
2023-05-27 16:16:26.775 INFO  [kea-ctrl-agent.dctl/58.140243282061184] DCTL_STARTING Control-agent starting, pid: 58, version: 2.2.0-git (stable)
2023-05-27 16:18:46.204 INFO  [kea-dhcp4.dhcp4/29.140511507273600] DHCP4_STARTING Kea DHCPv4 server version 2.2.0-git (stable) starting
2023-05-27 16:18:46.206 WARN  [kea-dhcp4.dhcp4/29.140511507273600] DHCP4_CONFIG_SYNTAX_WARNING configuration syntax warning: /etc/kea/kea-dhcp4.conf:5.36: Extraneous comma. A piece of configuration may have been omitted.
2023-05-27 16:18:46.235 INFO  [kea-dhcp6.dhcp6/43.140641347381120] DHCP6_STARTING Kea DHCPv6 server version 2.2.0-git (stable) starting
2023-05-27 16:18:46.263 INFO  [kea-ctrl-agent.dctl/58.140054709880704] DCTL_STARTING Control-agent starting, pid: 58, version: 2.2.0-git (stable)
2023-05-27 16:20:44.031 INFO  [kea-dhcp4.dhcp4/29.140568440526720] DHCP4_STARTING Kea DHCPv4 server version 2.2.0-git (stable) starting
2023-05-27 16:20:44.033 WARN  [kea-dhcp4.dhcp4/29.140568440526720] DHCP4_CONFIG_SYNTAX_WARNING configuration syntax warning: /etc/kea/kea-dhcp4.conf:5.36: Extraneous comma. A piece of configuration may have been omitted.
2023-05-27 16:20:44.049 INFO  [kea-dhcp6.dhcp6/39.139962176821120] DHCP6_STARTING Kea DHCPv6 server version 2.2.0-git (stable) starting
2023-05-27 16:20:44.096 INFO  [kea-ctrl-agent.dctl/58.140246041761664] DCTL_STARTING Control-agent starting, pid: 58, version: 2.2.0-git (stable)
2023-05-27 16:25:13.403 INFO  [kea-dhcp4.dhcp4/29.140436948023168] DHCP4_STARTING Kea DHCPv4 server version 2.2.0-git (stable) starting
2023-05-27 16:25:13.406 WARN  [kea-dhcp4.dhcp4/29.140436948023168] DHCP4_CONFIG_SYNTAX_WARNING configuration syntax warning: /etc/kea/kea-dhcp4.conf:5.36: Extraneous comma. A piece of configuration may have been omitted.
2023-05-27 16:25:13.407 ERROR [kea-dhcp4.dhcp4/29.140436948023168] DHCP4_CONFIG_LOAD_FAIL configuration error using file: /etc/kea/kea-dhcp4.conf, reason: /etc/kea/kea-dhcp4.conf:25.12-25: syntax error, unexpected reservations, expecting ]
2023-05-27 16:25:13.426 INFO  [kea-dhcp6.dhcp6/39.140276740081536] DHCP6_STARTING Kea DHCPv6 server version 2.2.0-git (stable) starting
2023-05-27 16:25:13.461 INFO  [kea-ctrl-agent.dctl/58.140198488000384] DCTL_STARTING Control-agent starting, pid: 58, version: 2.2.0-git (stable)
2023-05-27 16:26:58.471 INFO  [kea-dhcp4.dhcp4/28.140160446719872] DHCP4_STARTING Kea DHCPv4 server version 2.2.0-git (stable) starting
2023-05-27 16:26:58.474 WARN  [kea-dhcp4.dhcp4/28.140160446719872] DHCP4_CONFIG_SYNTAX_WARNING configuration syntax warning: /etc/kea/kea-dhcp4.conf:5.36: Extraneous comma. A piece of configuration may have been omitted.
2023-05-27 16:26:58.474 ERROR [kea-dhcp4.dhcp4/28.140160446719872] DHCP4_CONFIG_LOAD_FAIL configuration error using file: /etc/kea/kea-dhcp4.conf, reason: /etc/kea/kea-dhcp4.conf:21.15-21: syntax error, unexpected pools, expecting "," or }
2023-05-27 16:26:58.509 INFO  [kea-dhcp6.dhcp6/38.140236780939136] DHCP6_STARTING Kea DHCPv6 server version 2.2.0-git (stable) starting
2023-05-27 16:26:58.513 INFO  [kea-ctrl-agent.dctl/53.140506727217024] DCTL_STARTING Control-agent starting, pid: 53, version: 2.2.0-git (stable)
2023-05-27 16:27:50.336 INFO  [kea-dhcp4.dhcp4/29.139872512755584] DHCP4_STARTING Kea DHCPv4 server version 2.2.0-git (stable) starting
2023-05-27 16:27:50.339 WARN  [kea-dhcp4.dhcp4/29.139872512755584] DHCP4_CONFIG_SYNTAX_WARNING configuration syntax warning: /etc/kea/kea-dhcp4.conf:5.36: Extraneous comma. A piece of configuration may have been omitted.
2023-05-27 16:27:50.339 ERROR [kea-dhcp4.dhcp4/29.139872512755584] DHCP4_CONFIG_LOAD_FAIL configuration error using file: /etc/kea/kea-dhcp4.conf, reason: /etc/kea/kea-dhcp4.conf:38.8-16: syntax error, unexpected loggers, expecting "," or }
2023-05-27 16:27:50.357 INFO  [kea-dhcp6.dhcp6/43.140047586760576] DHCP6_STARTING Kea DHCPv6 server version 2.2.0-git (stable) starting
2023-05-27 16:27:50.375 INFO  [kea-ctrl-agent.dctl/58.139735076820864] DCTL_STARTING Control-agent starting, pid: 58, version: 2.2.0-git (stable)
2023-05-27 16:28:20.629 INFO  [kea-dhcp4.dhcp4/30.139815473596288] DHCP4_STARTING Kea DHCPv4 server version 2.2.0-git (stable) starting
2023-05-27 16:28:20.633 WARN  [kea-dhcp4.dhcp4/30.139815473596288] DHCP4_CONFIG_SYNTAX_WARNING configuration syntax warning: /etc/kea/kea-dhcp4.conf:5.36: Extraneous comma. A piece of configuration may have been omitted.
2023-05-27 16:28:20.659 INFO  [kea-dhcp6.dhcp6/44.140370093856640] DHCP6_STARTING Kea DHCPv6 server version 2.2.0-git (stable) starting
2023-05-27 16:28:20.679 INFO  [kea-ctrl-agent.dctl/59.140350506628992] DCTL_STARTING Control-agent starting, pid: 59, version: 2.2.0-git (stable)
2023-05-27 16:38:35.398 INFO  [kea-dhcp4.dhcp4/29.140183545481088] DHCP4_STARTING Kea DHCPv4 server version 2.2.0-git (stable) starting
2023-05-27 16:38:35.422 INFO  [kea-dhcp6.dhcp6/43.140084857206656] DHCP6_STARTING Kea DHCPv6 server version 2.2.0-git (stable) starting
2023-05-27 16:38:35.448 INFO  [kea-ctrl-agent.dctl/58.140715258165120] DCTL_STARTING Control-agent starting, pid: 58, version: 2.2.0-git (stable)
2023-05-30 16:48:13.295 INFO  [kea-dhcp4.dhcp4/29.139786854270848] DHCP4_STARTING Kea DHCPv4 server version 2.2.0-git (stable) starting
2023-05-30 16:48:13.322 INFO  [kea-dhcp6.dhcp6/43.139875829168000] DHCP6_STARTING Kea DHCPv6 server version 2.2.0-git (stable) starting
2023-05-30 16:48:13.364 INFO  [kea-ctrl-agent.dctl/58.140558673913728] DCTL_STARTING Control-agent starting, pid: 58, version: 2.2.0-git (stable)
